C:\Users\Laptop\Documents\Visual Studio 2010\Projects\GPSbot-monitor\Debug\Robomagellen.exe
C:\Users\Laptop\Documents\Visual Studio 2010\Projects\GPSbot-monitor\Debug\Robomagellen.ilk
C:\Users\Laptop\Documents\Visual Studio 2010\Projects\GPSbot-monitor\Debug\Robomagellen.pdb
C:\Users\Laptop\Documents\Visual Studio 2010\Projects\GPSbot-monitor\Robomagellen\Debug\cl.command.1.tlog
C:\Users\Laptop\Documents\Visual Studio 2010\Projects\GPSbot-monitor\Robomagellen\Debug\CL.read.1.tlog
C:\Users\Laptop\Documents\Visual Studio 2010\Projects\GPSbot-monitor\Robomagellen\Debug\CL.write.1.tlog
C:\Users\Laptop\Documents\Visual Studio 2010\Projects\GPSbot-monitor\Robomagellen\Debug\com port.obj
C:\Users\Laptop\Documents\Visual Studio 2010\Projects\GPSbot-monitor\Robomagellen\Debug\link.command.1.tlog
C:\Users\Laptop\Documents\Visual Studio 2010\Projects\GPSbot-monitor\Robomagellen\Debug\link.read.1.tlog
C:\Users\Laptop\Documents\Visual Studio 2010\Projects\GPSbot-monitor\Robomagellen\Debug\link.write.1.tlog
C:\Users\Laptop\Documents\Visual Studio 2010\Projects\GPSbot-monitor\Robomagellen\Debug\link-cvtres.read.1.tlog
C:\Users\Laptop\Documents\Visual Studio 2010\Projects\GPSbot-monitor\Robomagellen\Debug\link-cvtres.write.1.tlog
C:\Users\Laptop\Documents\Visual Studio 2010\Projects\GPSbot-monitor\Robomagellen\Debug\mt.command.1.tlog
C:\Users\Laptop\Documents\Visual Studio 2010\Projects\GPSbot-monitor\Robomagellen\Debug\mt.read.1.tlog
C:\Users\Laptop\Documents\Visual Studio 2010\Projects\GPSbot-monitor\Robomagellen\Debug\mt.write.1.tlog
C:\Users\Laptop\Documents\Visual Studio 2010\Projects\GPSbot-monitor\Robomagellen\Debug\rc.command.1.tlog
C:\Users\Laptop\Documents\Visual Studio 2010\Projects\GPSbot-monitor\Robomagellen\Debug\rc.read.1.tlog
C:\Users\Laptop\Documents\Visual Studio 2010\Projects\GPSbot-monitor\Robomagellen\Debug\rc.write.1.tlog
C:\Users\Laptop\Documents\Visual Studio 2010\Projects\GPSbot-monitor\Robomagellen\Debug\Robomagellen.exe.embed.manifest
C:\Users\Laptop\Documents\Visual Studio 2010\Projects\GPSbot-monitor\Robomagellen\Debug\Robomagellen.exe.embed.manifest.res
C:\Users\Laptop\Documents\Visual Studio 2010\Projects\GPSbot-monitor\Robomagellen\Debug\Robomagellen.exe.intermediate.manifest
C:\Users\Laptop\Documents\Visual Studio 2010\Projects\GPSbot-monitor\Robomagellen\Debug\Robomagellen.obj
C:\Users\Laptop\Documents\Visual Studio 2010\Projects\GPSbot-monitor\Robomagellen\Debug\Robomagellen.pch
C:\Users\Laptop\Documents\Visual Studio 2010\Projects\GPSbot-monitor\Robomagellen\Debug\Robomagellen.res
C:\Users\Laptop\Documents\Visual Studio 2010\Projects\GPSbot-monitor\Robomagellen\Debug\Robomagellen_manifest.rc
C:\Users\Laptop\Documents\Visual Studio 2010\Projects\GPSbot-monitor\Robomagellen\Debug\RobomagellenDlg.obj
C:\Users\Laptop\Documents\Visual Studio 2010\Projects\GPSbot-monitor\Robomagellen\Debug\stdafx.obj
C:\Users\Laptop\Documents\Visual Studio 2010\Projects\GPSbot-monitor\Robomagellen\Debug\vc100.idb
C:\Users\Laptop\Documents\Visual Studio 2010\Projects\GPSbot-monitor\Robomagellen\Debug\vc100.pdb
C:\USERS\LAPTOP\DOCUMENTS\VISUAL STUDIO 2010\PROJECTS\ROBOMAGELLEN\DEBUG\ROBOMAGELLEN.EXE
C:\USERS\LAPTOP\DOCUMENTS\VISUAL STUDIO 2010\PROJECTS\ROBOMAGELLEN\DEBUG\ROBOMAGELLEN.ILK
C:\USERS\LAPTOP\DOCUMENTS\VISUAL STUDIO 2010\PROJECTS\ROBOMAGELLEN\DEBUG\ROBOMAGELLEN.PDB
C:\USERS\LAPTOP\DOCUMENTS\VISUAL STUDIO 2010\PROJECTS\ROBOMAGELLEN\ROBOMAGELLEN\DEBUG\COM PORT.OBJ
C:\USERS\LAPTOP\DOCUMENTS\VISUAL STUDIO 2010\PROJECTS\ROBOMAGELLEN\ROBOMAGELLEN\DEBUG\ROBOMAGELLEN.EXE.EMBED.MANIFEST
C:\USERS\LAPTOP\DOCUMENTS\VISUAL STUDIO 2010\PROJECTS\ROBOMAGELLEN\ROBOMAGELLEN\DEBUG\ROBOMAGELLEN.EXE.EMBED.MANIFEST.RES
C:\USERS\LAPTOP\DOCUMENTS\VISUAL STUDIO 2010\PROJECTS\ROBOMAGELLEN\ROBOMAGELLEN\DEBUG\ROBOMAGELLEN.EXE.INTERMEDIATE.MANIFEST
C:\USERS\LAPTOP\DOCUMENTS\VISUAL STUDIO 2010\PROJECTS\ROBOMAGELLEN\ROBOMAGELLEN\DEBUG\ROBOMAGELLEN.OBJ
C:\USERS\LAPTOP\DOCUMENTS\VISUAL STUDIO 2010\PROJECTS\ROBOMAGELLEN\ROBOMAGELLEN\DEBUG\ROBOMAGELLEN.PCH
C:\USERS\LAPTOP\DOCUMENTS\VISUAL STUDIO 2010\PROJECTS\ROBOMAGELLEN\ROBOMAGELLEN\DEBUG\ROBOMAGELLEN.RES
C:\USERS\LAPTOP\DOCUMENTS\VISUAL STUDIO 2010\PROJECTS\ROBOMAGELLEN\ROBOMAGELLEN\DEBUG\ROBOMAGELLENDLG.OBJ
C:\USERS\LAPTOP\DOCUMENTS\VISUAL STUDIO 2010\PROJECTS\ROBOMAGELLEN\ROBOMAGELLEN\DEBUG\STDAFX.OBJ
C:\USERS\LAPTOP\DOCUMENTS\VISUAL STUDIO 2010\PROJECTS\ROBOMAGELLEN\ROBOMAGELLEN\DEBUG\VC100.PDB
