Build started 12/20/2010 9:13:47 PM.
     1>Project "C:\Users\Laptop\Documents\Visual Studio 2010\Projects\GPSbot-monitor\Robomagellen\Robomagellen.vcxproj" on node 2 (build target(s)).
     1>InitializeBuildStatus:
         Creating "Debug\Robomagellen.unsuccessfulbuild" because "AlwaysCreate" was specified.
       ClCompile:
         All outputs are up-to-date.
         c:\Program Files\Microsoft Visual Studio 10.0\VC\bin\CL.exe /c /ZI /nologo /W3 /WX- /Od /Oy- /D WIN32 /D _WINDOWS /D _DEBUG /D _UNICODE /D UNICODE /D _AFXDLL /Gm /EHsc /RTC1 /MDd /GS /fp:precise /Zc:wchar_t /Zc:forScope /Fo"Debug\\" /Fd"Debug\vc100.pdb" /Gd /TP /analyze- /errorReport:prompt "com port.cpp"
         com port.cpp
       ResourceCompile:
         All outputs are up-to-date.
       ManifestResourceCompile:
         All outputs are up-to-date.
       Link:
         c:\Program Files\Microsoft Visual Studio 10.0\VC\bin\link.exe /ERRORREPORT:PROMPT /OUT:"C:\Users\Laptop\Documents\Visual Studio 2010\Projects\GPSbot-monitor\Debug\Robomagellen.exe" /INCREMENTAL /NOLOGO /MANIFEST /ManifestFile:"Debug\Robomagellen.exe.intermediate.manifest" /MANIFESTUAC:"level='asInvoker' uiAccess='false'" /DEBUG /PDB:"C:\Users\Laptop\Documents\Visual Studio 2010\Projects\GPSbot-monitor\Debug\Robomagellen.pdb" /SUBSYSTEM:WINDOWS /TLBID:1 /ENTRY:"wWinMainCRTStartup" /DYNAMICBASE /NXCOMPAT /IMPLIB:"C:\Users\Laptop\Documents\Visual Studio 2010\Projects\GPSbot-monitor\Debug\Robomagellen.lib" /MACHINE:X86 Debug\Robomagellen.res
         Debug\Robomagellen.exe.embed.manifest.res
         "Debug\com port.obj"
         Debug\Robomagellen.obj
         Debug\RobomagellenDlg.obj
         Debug\stdafx.obj
       Manifest:
         C:\Program Files\Microsoft SDKs\Windows\v7.0A\bin\mt.exe /nologo /verbose /out:"Debug\Robomagellen.exe.embed.manifest" /manifest Debug\Robomagellen.exe.intermediate.manifest "c:\Program Files\Microsoft Visual Studio 10.0\VC\Include\Manifest\dpiaware.manifest"
         All outputs are up-to-date.
       LinkEmbedManifest:
         All outputs are up-to-date.
         Robomagellen.vcxproj -> C:\Users\Laptop\Documents\Visual Studio 2010\Projects\GPSbot-monitor\Debug\Robomagellen.exe
       FinalizeBuildStatus:
         Deleting file "Debug\Robomagellen.unsuccessfulbuild".
         Touching "Debug\Robomagellen.lastbuildstate".
     1>Done Building Project "C:\Users\Laptop\Documents\Visual Studio 2010\Projects\GPSbot-monitor\Robomagellen\Robomagellen.vcxproj" (build target(s)).

Build succeeded.

Time Elapsed 00:00:01.51
